2024-12-05 12:08:53 [error]: Email sending error Invalid login: 535-5.7.8 Username and Password not accepted. For more information, go to
535 5.7.8  https://support.google.com/mail/?p=BadCredentials 41be03b00d2f7-7fd156e2fd1sm515579a12.34 - gsmtp
Stack: Error: Invalid login: 535-5.7.8 Username and Password not accepted. For more information, go to
535 5.7.8  https://support.google.com/mail/?p=BadCredentials 41be03b00d2f7-7fd156e2fd1sm515579a12.34 - gsmtp
    at SMTPConnection._formatError (D:\paymentbackend\node_modules\nodemailer\lib\smtp-connection\index.js:807:19)
    at SMTPConnection._actionAUTHComplete (D:\paymentbackend\node_modules\nodemailer\lib\smtp-connection\index.js:1586:34)
    at SMTPConnection.<anonymous> (D:\paymentbackend\node_modules\nodemailer\lib\smtp-connection\index.js:554:26)
    at SMTPConnection._processResponse (D:\paymentbackend\node_modules\nodemailer\lib\smtp-connection\index.js:991:20)
    at SMTPConnection._onData (D:\paymentbackend\node_modules\nodemailer\lib\smtp-connection\index.js:772:14)
    at SMTPConnection._onSocketData (D:\paymentbackend\node_modules\nodemailer\lib\smtp-connection\index.js:195:44)
    at TLSSocket.emit (node:events:518:28)
    at addChunk (node:internal/streams/readable:561:12)
    at readableAddChunkPushByteMode (node:internal/streams/readable:512:3)
    at Readable.push (node:internal/streams/readable:392:5)
2024-12-05 12:08:53 [error]: Failed to send contact form email Invalid login: 535-5.7.8 Username and Password not accepted. For more information, go to
535 5.7.8  https://support.google.com/mail/?p=BadCredentials 41be03b00d2f7-7fd156e2fd1sm515579a12.34 - gsmtp
Stack: Error: Invalid login: 535-5.7.8 Username and Password not accepted. For more information, go to
535 5.7.8  https://support.google.com/mail/?p=BadCredentials 41be03b00d2f7-7fd156e2fd1sm515579a12.34 - gsmtp
    at SMTPConnection._formatError (D:\paymentbackend\node_modules\nodemailer\lib\smtp-connection\index.js:807:19)
    at SMTPConnection._actionAUTHComplete (D:\paymentbackend\node_modules\nodemailer\lib\smtp-connection\index.js:1586:34)
    at SMTPConnection.<anonymous> (D:\paymentbackend\node_modules\nodemailer\lib\smtp-connection\index.js:554:26)
    at SMTPConnection._processResponse (D:\paymentbackend\node_modules\nodemailer\lib\smtp-connection\index.js:991:20)
    at SMTPConnection._onData (D:\paymentbackend\node_modules\nodemailer\lib\smtp-connection\index.js:772:14)
    at SMTPConnection._onSocketData (D:\paymentbackend\node_modules\nodemailer\lib\smtp-connection\index.js:195:44)
    at TLSSocket.emit (node:events:518:28)
    at addChunk (node:internal/streams/readable:561:12)
    at readableAddChunkPushByteMode (node:internal/streams/readable:512:3)
    at Readable.push (node:internal/streams/readable:392:5)
2024-12-05 12:08:53 [info]: Contact form submission from rajeshwarraj800@gmail.com
2024-12-05 12:10:45 [error]: Email sending error Invalid login: 535-5.7.8 Username and Password not accepted. For more information, go to
535 5.7.8  https://support.google.com/mail/?p=BadCredentials 41be03b00d2f7-7fd157d837bsm512838a12.79 - gsmtp
Stack: Error: Invalid login: 535-5.7.8 Username and Password not accepted. For more information, go to
535 5.7.8  https://support.google.com/mail/?p=BadCredentials 41be03b00d2f7-7fd157d837bsm512838a12.79 - gsmtp
    at SMTPConnection._formatError (D:\paymentbackend\node_modules\nodemailer\lib\smtp-connection\index.js:807:19)
    at SMTPConnection._actionAUTHComplete (D:\paymentbackend\node_modules\nodemailer\lib\smtp-connection\index.js:1586:34)
    at SMTPConnection.<anonymous> (D:\paymentbackend\node_modules\nodemailer\lib\smtp-connection\index.js:554:26)
    at SMTPConnection._processResponse (D:\paymentbackend\node_modules\nodemailer\lib\smtp-connection\index.js:991:20)
    at SMTPConnection._onData (D:\paymentbackend\node_modules\nodemailer\lib\smtp-connection\index.js:772:14)
    at SMTPConnection._onSocketData (D:\paymentbackend\node_modules\nodemailer\lib\smtp-connection\index.js:195:44)
    at TLSSocket.emit (node:events:518:28)
    at addChunk (node:internal/streams/readable:561:12)
    at readableAddChunkPushByteMode (node:internal/streams/readable:512:3)
    at Readable.push (node:internal/streams/readable:392:5)
2024-12-05 12:10:45 [error]: Failed to send contact form email Invalid login: 535-5.7.8 Username and Password not accepted. For more information, go to
535 5.7.8  https://support.google.com/mail/?p=BadCredentials 41be03b00d2f7-7fd157d837bsm512838a12.79 - gsmtp
Stack: Error: Invalid login: 535-5.7.8 Username and Password not accepted. For more information, go to
535 5.7.8  https://support.google.com/mail/?p=BadCredentials 41be03b00d2f7-7fd157d837bsm512838a12.79 - gsmtp
    at SMTPConnection._formatError (D:\paymentbackend\node_modules\nodemailer\lib\smtp-connection\index.js:807:19)
    at SMTPConnection._actionAUTHComplete (D:\paymentbackend\node_modules\nodemailer\lib\smtp-connection\index.js:1586:34)
    at SMTPConnection.<anonymous> (D:\paymentbackend\node_modules\nodemailer\lib\smtp-connection\index.js:554:26)
    at SMTPConnection._processResponse (D:\paymentbackend\node_modules\nodemailer\lib\smtp-connection\index.js:991:20)
    at SMTPConnection._onData (D:\paymentbackend\node_modules\nodemailer\lib\smtp-connection\index.js:772:14)
    at SMTPConnection._onSocketData (D:\paymentbackend\node_modules\nodemailer\lib\smtp-connection\index.js:195:44)
    at TLSSocket.emit (node:events:518:28)
    at addChunk (node:internal/streams/readable:561:12)
    at readableAddChunkPushByteMode (node:internal/streams/readable:512:3)
    at Readable.push (node:internal/streams/readable:392:5)
2024-12-05 12:10:45 [info]: Contact form submission from rajeshwarraj800@gmail.com
